<?xml version="1.0" encoding="UTF-8"?>
<testsuite name="TestClass" tests="3" skipped="0" failures="0" errors="0" timestamp="2022-12-29T17:11:14" hostname="TestVagrants-MacBook-Pro.local" time="0.006">
  <properties/>
  <testcase name="tezt1" classname="TestClass" time="0.004"/>
  <testcase name="tezt2" classname="TestClass" time="0.0"/>
  <testcase name="tezt3" classname="TestClass" time="0.001"/>
  <system-out><![CDATA[]]></system-out>
  <system-err><![CDATA[]]></system-err>
</testsuite>
